<?xml version="1.0" encoding="UTF-8"?>
<testng-results ignored="0" total="2" passed="2" failed="0" skipped="0">
  <reporter-output>
  </reporter-output>
  <suite started-at="2021-09-15T14:04:37 IST" name="Surefire suite" finished-at="2021-09-15T14:04:37 IST" duration-ms="70">
    <groups>
    </groups>
    <test started-at="2021-09-15T14:04:37 IST" name="Surefire test" finished-at="2021-09-15T14:04:37 IST" duration-ms="70">
      <class name="qaclickacademy.AppiumTest">
        <test-method signature="androidApi()[pri:0, instance:qaclickacademy.AppiumTest@57d5872c]" started-at="2021-09-15T14:04:37 IST" name="androidApi" finished-at="2021-09-15T14:04:37 IST" duration-ms="6" status="PASS">
          <reporter-output>
          </reporter-output>
        </test-method> <!-- androidApi -->
        <test-method signature="appleIos()[pri:0, instance:qaclickacademy.AppiumTest@57d5872c]" started-at="2021-09-15T14:04:37 IST" name="appleIos" finished-at="2021-09-15T14:04:37 IST" duration-ms="0" status="PASS">
          <reporter-output>
          </reporter-output>
        </test-method> <!-- appleIos -->
      </class> <!-- qaclickacademy.AppiumTest -->
    </test> <!-- Surefire test -->
  </suite> <!-- Surefire suite -->
</testng-results>
