<?xml version="1.0" encoding="UTF-8"?>
<!-- Generated by org.testng.reporters.JUnitXMLReporter -->
<testsuite ignored="0" hostname="LAPTOP-R5I2KBD8" failures="0" tests="6" name="Test" time="0.083" errors="0" timestamp="2021-09-15T23:51:23 IST">
  <testcase classname="qaclickacademy.AppiumTest" name="androidApi" time="0.007"/>
  <testcase classname="qaclickacademy.AppiumTest" name="appleIos" time="0.001"/>
  <testcase classname="qaclickacademy.SeleniumTest" name="browserAuto" time="0.0"/>
  <testcase classname="qaclickacademy.SeleniumTest" name="elementsUi" time="0.0"/>
  <testcase classname="qaclickacademy.RestApiTest" name="delTwit" time="0.0"/>
  <testcase classname="qaclickacademy.RestApiTest" name="postJira" time="0.0"/>
</testsuite> <!-- Test -->
