<?xml version="1.0" encoding="UTF-8"?>
<testng-results ignored="0" total="6" passed="6" failed="0" skipped="0">
  <reporter-output>
  </reporter-output>
  <suite started-at="2021-09-15T23:51:23 IST" name="Suite" finished-at="2021-09-15T23:51:23 IST" duration-ms="83">
    <groups>
    </groups>
    <test started-at="2021-09-15T23:51:23 IST" name="Test" finished-at="2021-09-15T23:51:23 IST" duration-ms="83">
      <class name="qaclickacademy.AppiumTest">
        <test-method signature="androidApi()[pri:0, instance:qaclickacademy.AppiumTest@229d10bd]" started-at="2021-09-15T23:51:23 IST" name="androidApi" finished-at="2021-09-15T23:51:23 IST" duration-ms="7" status="PASS">
          <reporter-output>
          </reporter-output>
        </test-method> <!-- androidApi -->
        <test-method signature="appleIos()[pri:0, instance:qaclickacademy.AppiumTest@229d10bd]" started-at="2021-09-15T23:51:23 IST" name="appleIos" finished-at="2021-09-15T23:51:23 IST" duration-ms="1" status="PASS">
          <reporter-output>
          </reporter-output>
        </test-method> <!-- appleIos -->
      </class> <!-- qaclickacademy.AppiumTest -->
      <class name="qaclickacademy.RestApiTest">
        <test-method signature="delTwit()[pri:0, instance:qaclickacademy.RestApiTest@56de5251]" started-at="2021-09-15T23:51:23 IST" name="delTwit" finished-at="2021-09-15T23:51:23 IST" duration-ms="0" status="PASS">
          <reporter-output>
          </reporter-output>
        </test-method> <!-- delTwit -->
        <test-method signature="postJira()[pri:0, instance:qaclickacademy.RestApiTest@56de5251]" started-at="2021-09-15T23:51:23 IST" name="postJira" finished-at="2021-09-15T23:51:23 IST" duration-ms="0" status="PASS">
          <reporter-output>
          </reporter-output>
        </test-method> <!-- postJira -->
      </class> <!-- qaclickacademy.RestApiTest -->
      <class name="qaclickacademy.SeleniumTest">
        <test-method signature="browserAuto()[pri:0, instance:qaclickacademy.SeleniumTest@163e4e87]" started-at="2021-09-15T23:51:23 IST" name="browserAuto" finished-at="2021-09-15T23:51:23 IST" duration-ms="0" status="PASS">
          <reporter-output>
          </reporter-output>
        </test-method> <!-- browserAuto -->
        <test-method signature="elementsUi()[pri:0, instance:qaclickacademy.SeleniumTest@163e4e87]" started-at="2021-09-15T23:51:23 IST" name="elementsUi" finished-at="2021-09-15T23:51:23 IST" duration-ms="0" status="PASS">
          <reporter-output>
          </reporter-output>
        </test-method> <!-- elementsUi -->
      </class> <!-- qaclickacademy.SeleniumTest -->
    </test> <!-- Test -->
  </suite> <!-- Suite -->
</testng-results>
